kirkland@canonical.com
kirkland@canonical.com
kirkland@canonical.com
brian@canonical.com
alex@googlemail.com
alvar@meiko.co
clameter@debian.org
rafael@debian.org
agmartin@debian.org
quigley@canonical.com
rene@debian.org
dressler@gmail.com
jamie@canonical.com
intrigeri@boum.org
davies@canonical.com
quigley@canonical.com
rene@debian.org
quigley@canonical.com
rene@debian.org
jamie@canonical.com
pitt@ubuntu.com
quigley@canonical.com
rene@debian.org
hmh@debian.org
jplejacq@quoininc.com
martin@piware.de
gunnarhj@ubuntu.com
ruiandrebatista@gmail.com
Kholodnyi@gmail.com
hubbs@gmail.com
saunders@gmail.com
jmccann@redhat.com
fudge@thefudge.net
themuso@ubuntu.com
hussainmkj@gmail.com
cwendling@hypra.fr
rpoitevin@hypra.fr
email@example.com
themuso@ubuntu.com
didier@slint.fr
speechd@freebsoft.org
listaddr1@gmx.net
gcasse@oralux.org
ruiandrebatista@gmail.com
themuso@themuso.com
themuso@ubuntu.com
didier@slint.fr
garycramblitt@comcast.net
obert01@mistigri.org
rpoitevin@hypra.fr
gcasse@oralux.org
garycramblitt@comcast.net
listaddr1@gmx.net
gcasse@oralux.org
cmbrannon79@gmail.com
themuso@themuso.com
cwendling@hypra.fr
listaddr1@gmx.net
gcasse@oralux.org
ruiandrebatista@gmail.com
themuso@themuso.com
email@example.com
tytso@mit.edu
bigon@debian.org
rmurray@debian.org
ejad@debian.org
filippo@debian.org
mario_limonciello@dell.com
iwamatsu@debian.org
miquels@cistron.nl
hmh@rcm.org
rleigh@debian.org
beattie@canonical.com
kees@ubuntu.com
walters@debian.org
sjoerd@debian.org
rob@mars.org
agi@inittab.org
mueller@teamix.net
biebl@debian.org
and1000@debian.org
cdimage@ubuntu.com
ftpmaster@ubuntu.com
ftpmaster@ubuntu.com
user@example.com
64x64@2.tar
128x128@2.tar
jtang@tresys.com
dave@mielke.cc
dave@mielke.cc
dave@mielke.cc
dave@mielke.cc
dave@mielke.cc
dave@mielke.cc
yan@mistigri.org
dave@mielke.cc
dave@mielke.cc
dave@mielke.cc
dave@mielke.cc
dave@mielke.cc
dave@mielke.cc
dave@mielke.cc
dave@mielke.cc
dave@mielke.cc
dave@mielke.cc
dave@mielke.cc
dave@mielke.cc
dave@mielke.cc
dave@mielke.cc
dave@mielke.cc
dave@mielke.cc
dave@mielke.cc
dave@mielke.cc
dave@mielke.cc
dave@mielke.cc
dave@mielke.cc
dave@mielke.cc
dave@mielke.cc
dave@mielke.cc
dave@mielke.cc
dave@mielke.cc
dave@mielke.cc
dave@mielke.cc
dave@mielke.cc
dave@mielke.cc
dave@mielke.cc
dave@mielke.cc
dave@mielke.cc
dave@mielke.cc
dave@mielke.cc
dave@mielke.cc
dave@mielke.cc
dave@mielke.cc
dave@mielke.cc
dave@mielke.cc
dave@mielke.cc
dave@mielke.cc
dave@mielke.cc
dave@mielke.cc
dave@mielke.cc
dave@mielke.cc
dave@mielke.cc
dave@mielke.cc
dave@mielke.cc
dave@mielke.cc
dave@mielke.cc
dave@mielke.cc
dave@mielke.cc
dave@mielke.cc
dave@mielke.cc
dave@mielke.cc
dave@mielke.cc
dave@mielke.cc
dave@mielke.cc
dave@mielke.cc
dave@mielke.cc
dave@mielke.cc
dave@mielke.cc
dave@mielke.cc
dave@mielke.cc
dave@mielke.cc
dave@mielke.cc
dave@mielke.cc
dave@mielke.cc
dave@mielke.cc
dave@mielke.cc
dave@mielke.cc
dave@mielke.cc
dave@mielke.cc
dave@mielke.cc
dave@mielke.cc
dave@mielke.cc
dave@mielke.cc
dave@mielke.cc
dave@mielke.cc
dave@mielke.cc
dave@mielke.cc
dave@mielke.cc
dave@mielke.cc
dave@mielke.cc
dave@mielke.cc
dave@mielke.cc
dave@mielke.cc
dave@mielke.cc
dave@mielke.cc
dave@mielke.cc
dave@mielke.cc
dave@mielke.cc
dave@mielke.cc
dave@mielke.cc
dave@mielke.cc
dave@mielke.cc
dave@mielke.cc
dave@mielke.cc
dave@mielke.cc
dave@mielke.cc
dave@mielke.cc
dave@mielke.cc
dave@mielke.cc
dave@mielke.cc
dave@mielke.cc
dave@mielke.cc
dave@mielke.cc
dave@mielke.cc
dave@mielke.cc
dave@mielke.cc
dave@mielke.cc
dave@mielke.cc
dave@mielke.cc
dave@mielke.cc
dave@mielke.cc
dave@mielke.cc
dave@mielke.cc
dave@mielke.cc
dave@mielke.cc
dave@mielke.cc
dave@mielke.cc
dave@mielke.cc
dave@mielke.cc
dave@mielke.cc
dave@mielke.cc
dave@mielke.cc
dave@mielke.cc
dave@mielke.cc
dave@mielke.cc
dave@mielke.cc
dave@mielke.cc
dave@mielke.cc
dave@mielke.cc
dave@mielke.cc
dave@mielke.cc
dave@mielke.cc
dave@mielke.cc
dave@mielke.cc
dave@mielke.cc
dave@mielke.cc
dave@mielke.cc
dave@mielke.cc
dave@mielke.cc
dave@mielke.cc
dave@mielke.cc
dave@mielke.cc
dave@mielke.cc
dave@mielke.cc
dave@mielke.cc
dave@mielke.cc
dave@mielke.cc
dave@mielke.cc
dave@mielke.cc
dave@mielke.cc
dave@mielke.cc
dave@mielke.cc
dave@mielke.cc
dave@mielke.cc
dave@mielke.cc
dave@mielke.cc
dave@mielke.cc
dave@mielke.cc
dave@mielke.cc
dave@mielke.cc
dave@mielke.cc
dave@mielke.cc
dave@mielke.cc
dave@mielke.cc
dave@mielke.cc
dave@mielke.cc
dave@mielke.cc
dave@mielke.cc
dave@mielke.cc
dave@mielke.cc
dave@mielke.cc
dave@mielke.cc
dave@mielke.cc
dave@mielke.cc
dave@mielke.cc
dave@mielke.cc
dave@mielke.cc
dave@mielke.cc
dave@mielke.cc
dave@mielke.cc
dave@mielke.cc
dave@mielke.cc
dave@mielke.cc
dave@mielke.cc
dave@mielke.cc
dave@mielke.cc
dave@mielke.cc
dave@mielke.cc
dave@mielke.cc
dave@mielke.cc
dave@mielke.cc
dave@mielke.cc
dave@mielke.cc
dave@mielke.cc
dave@mielke.cc
dave@mielke.cc
dave@mielke.cc
dave@mielke.cc
dave@mielke.cc
dave@mielke.cc
dave@mielke.cc
dave@mielke.cc
dave@mielke.cc
dave@mielke.cc
dave@mielke.cc
dave@mielke.cc
dave@mielke.cc
dave@mielke.cc
dave@mielke.cc
dave@mielke.cc
dave@mielke.cc
dave@mielke.cc
dave@mielke.cc
dave@mielke.cc
dave@mielke.cc
mlang@delysid.org
dave@mielke.cc
billh@gnome.org
dave@mielke.cc
mlang@delysid.org
dave@mielke.cc
mlang@delysid.org
dave@mielke.cc
dave@mielke.cc
dave@mielke.cc
dave@mielke.cc
dave@mielke.cc
mick@kulgan.net
dave@mielke.cc
dave@mielke.cc
mlang@delysid.org
dave@mielke.cc
director@chpi.org
dave@mielke.cc
rq@akl.lt
matus@gmail.com
dave@mielke.cc
dave@mielke.cc
dave@mielke.cc
dave@mielke.cc
dave@mielke.cc
nico@fluxnic.net
dave@mielke.cc
dave@mielke.cc
dave@mielke.cc
dave@mielke.cc
dave@mielke.cc
nico@fluxnic.net
dave@mielke.cc
coscell@gmail.com
dave@mielke.cc
dave@mielke.cc
dave@mielke.cc
dave@mielke.cc
dave@mielke.cc
dave@mielke.cc
dave@mielke.cc
dave@mielke.cc
dave@mielke.cc
dave@mielke.cc
dave@mielke.cc
dave@mielke.cc
Ungier@ViewPlus.com
dave@mielke.cc
director@chpi.org
Ungier@ViewPlus.com
mramadan@nattiq.com
dave@mielke.cc
dave@mielke.cc
dave@mielke.cc
Ungier@ViewPlus.com
dave@mielke.cc
dave@mielke.cc
dave@mielke.cc
dave@mielke.cc
dave@mielke.cc
Ungier@ViewPlus.com
dave@mielke.cc
dave@mielke.cc
dave@mielke.cc
dave@mielke.cc
director@chpi.org
Ungier@ViewPlus.com
mramadan@nattiq.com
dave@mielke.cc
dave@mielke.cc
dave@mielke.cc
director@chpi.org
Ungier@ViewPlus.com
mramadan@nattiq.com
dave@mielke.cc
dave@mielke.cc
dave@mielke.cc
dave@mielke.cc
mardsjo@icap.nu
dave@mielke.cc
director@chpi.org
Ungier@ViewPlus.com
mramadan@nattiq.com
dave@mielke.cc
dave@mielke.cc
adikushnir@gmail.com
dave@mielke.cc
director@chpi.org
Ungier@ViewPlus.com
mramadan@nattiq.com
dave@mielke.cc
dave@mielke.cc
dave@mielke.cc
director@chpi.org
Ungier@ViewPlus.com
mramadan@nattiq.com
dave@mielke.cc
sivill@viewplus.com
dave@mielke.cc
buchal@brailcom.org
dave@mielke.cc
dave@mielke.cc
director@chpi.org
Ungier@ViewPlus.com
mramadan@nattiq.com
dave@mielke.cc
dave@mielke.cc
dave@mielke.cc
dave@mielke.cc
vtsaran@gmail.com
dave@mielke.cc
dave@mielke.cc
zsolt@infoalap.hu
dave@mielke.cc
dave@mielke.cc
dave@mielke.cc
dave@mielke.cc
dave@mielke.cc
dave@mielke.cc
dave@mielke.cc
dave@mielke.cc
dave@mielke.cc
dave@mielke.cc
dave@mielke.cc
dave@mielke.cc
dave@mielke.cc
dave@mielke.cc
dave@mielke.cc
dave@mielke.cc
dave@mielke.cc
dave@mielke.cc
dave@mielke.cc
dave@mielke.cc
dave@mielke.cc
dave@mielke.cc
dave@mielke.cc
dave@mielke.cc
dave@mielke.cc
dave@mielke.cc
dave@mielke.cc
dave@mielke.cc
rq@akl.lt
dave@mielke.cc
chlor@schou.dk
dave@mielke.cc
dave@mielke.cc
dave@mielke.cc
dave@mielke.cc
director@chpi.org
Ungier@ViewPlus.com
mramadan@nattiq.com
dave@mielke.cc
birkir@midstod.is
dave@mielke.cc
director@chpi.org
Ungier@ViewPlus.com
mramadan@nattiq.com
dave@mielke.cc
dave@mielke.cc
dave@mielke.cc
dave@mielke.cc
dave@mielke.cc
dave@mielke.cc
dave@mielke.cc
dave@mielke.cc
dave@mielke.cc
dave@mielke.cc
Ungier@ViewPlus.com
dave@mielke.cc
dave@mielke.cc
dave@mielke.cc
dave@mielke.cc
dave@mielke.cc
dave@mielke.cc
dave@mielke.cc
director@chpi.org
Ungier@ViewPlus.com
mramadan@nattiq.com
dave@mielke.cc
dave@mielke.cc
dave@mielke.cc
dave@mielke.cc
director@chpi.org
Ungier@ViewPlus.com
mramadan@nattiq.com
dave@mielke.cc
dave@mielke.cc
dave@mielke.cc
dave@mielke.cc
dave@mielke.cc
dave@mielke.cc
dave@mielke.cc
dave@mielke.cc
dave@mielke.cc
dave@mielke.cc
dave@mielke.cc
dave@mielke.cc
dave@mielke.cc
dave@mielke.cc
dave@mielke.cc
dave@mielke.cc
dave@mielke.cc
dave@mielke.cc
dave@mielke.cc
dave@mielke.cc
dave@mielke.cc
dave@mielke.cc
dave@mielke.cc
muzeo@wanadoo.fr
dave@mielke.cc
dave@mielke.cc
dave@mielke.cc
dave@mielke.cc
dave@mielke.cc
dave@mielke.cc
dave@mielke.cc
dave@mielke.cc
dave@mielke.cc
dave@mielke.cc
dave@mielke.cc
dave@mielke.cc
gunnarhj@ubuntu.com
64@openssh.com
kel@otaku42.de
dave@mielke.cc
osamu@debian.org
aron@debian.org
mike@piratehaven.org
